<?xml version="1.0" encoding="UTF-8"?>
<testng-results ignored="0" total="1" passed="1" failed="0" skipped="0">
  <reporter-output>
  </reporter-output>
  <suite started-at="2024-05-10T18:09:21 IST" name="Default suite" finished-at="2024-05-10T18:09:36 IST" duration-ms="14577">
    <groups>
    </groups>
    <test started-at="2024-05-10T18:09:21 IST" name="Default test" finished-at="2024-05-10T18:09:36 IST" duration-ms="14577">
      <class name="Testcases.DatePickerTest">
        <test-method is-config="true" signature="launchbrowzer()[pri:0, instance:Testcases.DatePickerTest@1b7cc17c]" started-at="2024-05-10T18:09:21 IST" name="launchbrowzer" finished-at="2024-05-10T18:09:31 IST" duration-ms="9693" status="PASS">
          <reporter-output>
          </reporter-output>
        </test-method> <!-- launchbrowzer -->
        <test-method signature="verifyDateSelection()[pri:0, instance:Testcases.DatePickerTest@1b7cc17c]" started-at="2024-05-10T18:09:31 IST" name="verifyDateSelection" finished-at="2024-05-10T18:09:36 IST" duration-ms="4823" status="PASS">
          <reporter-output>
          </reporter-output>
        </test-method> <!-- verifyDateSelection -->
      </class> <!-- Testcases.DatePickerTest -->
    </test> <!-- Default test -->
  </suite> <!-- Default suite -->
</testng-results>
